<?xml version="1.0" encoding="UTF-8"?>
<!-- Generated by org.testng.reporters.JUnitXMLReporter -->
<testsuite hostname="mohammed" ignored="2" name="Test" tests="2" failures="0" timestamp="18 Sep 2018 20:06:29 GMT" time="27.205" errors="0">
  <testcase name="gotoProfile" time="0.0" classname="dd_tests.profileTest">
    <skipped/>
  </testcase> <!-- gotoProfile -->
  <testcase name="doLogin" time="27.024" classname="dd_tests.LoginTest"/>
  <testcase name="@BeforeSuite init" time="0.0" classname="dd_java.Main">
    <ignored/>
  </testcase> <!-- @BeforeSuite init -->
  <testcase name="@AfterSuite QuitBrowser" time="0.0" classname="dd_java.Main">
    <ignored/>
  </testcase> <!-- @AfterSuite QuitBrowser -->
</testsuite> <!-- Test -->
